\BOOKMARK [1][-]{section.1}{\376\377\000O\000b\000j\000e\000c\000t\000i\000v\000e\000s}{}% 1
\BOOKMARK [1][-]{section.2}{\376\377\000P\000r\000e\000r\000e\000q\000u\000i\000s\000i\000t\000e\000s}{}% 2
\BOOKMARK [1][-]{section.3}{\376\377\000P\000r\000o\000j\000e\000c\000t\000\040\000S\000t\000r\000u\000c\000t\000u\000r\000e}{}% 3
\BOOKMARK [2][-]{subsection.3.1}{\376\377\000W\000h\000a\000t\000\040\000t\000h\000e\000\040\000c\000o\000d\000e\000\040\000d\000o\000e\000s}{section.3}% 4
\BOOKMARK [1][-]{section.4}{\376\377\000P\000a\000r\000t\000\040\000A\000\040\040\024\000\040\000B\000u\000i\000l\000d\000\040\000a\000n\000d\000\040\000F\000l\000a\000s\000h}{}% 5
\BOOKMARK [2][-]{subsection.4.1}{\376\377\000S\000t\000e\000p\000\040\0001\000\040\040\024\000\040\000C\000l\000o\000n\000e\000\040\000F\000r\000e\000e\000R\000T\000O\000S\000-\000K\000e\000r\000n\000e\000l}{section.4}% 6
\BOOKMARK [2][-]{subsection.4.2}{\376\377\000S\000t\000e\000p\000\040\0002\000\040\040\024\000\040\000B\000u\000i\000l\000d}{section.4}% 7
\BOOKMARK [2][-]{subsection.4.3}{\376\377\000S\000t\000e\000p\000\040\0003\000\040\040\024\000\040\000F\000l\000a\000s\000h}{section.4}% 8
\BOOKMARK [1][-]{section.5}{\376\377\000P\000a\000r\000t\000\040\000B\000\040\040\024\000\040\000U\000A\000R\000T\000\040\000O\000u\000t\000p\000u\000t\000\040\000V\000e\000r\000i\000f\000i\000c\000a\000t\000i\000o\000n}{}% 9
\BOOKMARK [2][-]{subsection.5.1}{\376\377\000E\000x\000p\000e\000c\000t\000e\000d\000\040\000o\000u\000t\000p\000u\000t}{section.5}% 10
\BOOKMARK [1][-]{section.6}{\376\377\000P\000a\000r\000t\000\040\000C\000\040\040\024\000\040\000S\000E\000G\000G\000E\000R\000\040\000S\000y\000s\000t\000e\000m\000V\000i\000e\000w\000\040\000I\000n\000t\000e\000g\000r\000a\000t\000i\000o\000n}{}% 11
\BOOKMARK [2][-]{subsection.6.1}{\376\377\000S\000t\000e\000p\000\040\0001\000\040\040\024\000\040\000C\000o\000p\000y\000\040\000S\000y\000s\000t\000e\000m\000V\000i\000e\000w\000\040\000s\000o\000u\000r\000c\000e\000\040\000f\000i\000l\000e\000s}{section.6}% 12
\BOOKMARK [2][-]{subsection.6.2}{\376\377\000S\000t\000e\000p\000\040\0002\000\040\040\024\000\040\000C\000o\000n\000f\000i\000g\000u\000r\000e\000\040\000t\000h\000e\000\040\000t\000a\000r\000g\000e\000t\000\040\000d\000e\000s\000c\000r\000i\000p\000t\000o\000r}{section.6}% 13
\BOOKMARK [2][-]{subsection.6.3}{\376\377\000S\000t\000e\000p\000\040\0003\000\040\040\024\000\040\000B\000u\000i\000l\000d\000\040\000w\000i\000t\000h\000\040\000S\000y\000s\000t\000e\000m\000V\000i\000e\000w\000\040\000e\000n\000a\000b\000l\000e\000d}{section.6}% 14
\BOOKMARK [2][-]{subsection.6.4}{\376\377\000S\000t\000e\000p\000\040\0004\000\040\040\024\000\040\000C\000a\000p\000t\000u\000r\000e\000\040\000a\000\040\000t\000r\000a\000c\000e}{section.6}% 15
\BOOKMARK [1][-]{section.7}{\376\377\000P\000a\000r\000t\000\040\000D\000\040\040\024\000\040\000E\000x\000p\000e\000r\000i\000m\000e\000n\000t\000s}{}% 16
\BOOKMARK [2][-]{subsection.7.1}{\376\377\000E\000x\000p\000e\000r\000i\000m\000e\000n\000t\000\040\0001\000\040\040\024\000\040\000P\000r\000i\000o\000r\000i\000t\000y\000\040\000s\000w\000a\000p}{section.7}% 17
\BOOKMARK [2][-]{subsection.7.2}{\376\377\000E\000x\000p\000e\000r\000i\000m\000e\000n\000t\000\040\0002\000\040\040\024\000\040\000E\000q\000u\000a\000l\000\040\000p\000r\000i\000o\000r\000i\000t\000i\000e\000s}{section.7}% 18
\BOOKMARK [2][-]{subsection.7.3}{\376\377\000E\000x\000p\000e\000r\000i\000m\000e\000n\000t\000\040\0003\000\040\040\024\000\040\000P\000e\000r\000i\000o\000d\000s\000\040\000a\000n\000d\000\040\000C\000P\000U\000\040\000l\000o\000a\000d}{section.7}% 19
\BOOKMARK [2][-]{subsection.7.4}{\376\377\000E\000x\000p\000e\000r\000i\000m\000e\000n\000t\000\040\0004\000\040\040\024\000\040\000R\000e\000m\000o\000v\000e\000\040\000t\000h\000e\000\040\000m\000u\000t\000e\000x\000\040\000\050\000o\000b\000s\000e\000r\000v\000e\000\040\000t\000h\000e\000\040\000p\000r\000o\000b\000l\000e\000m\000\051}{section.7}% 20
\BOOKMARK [1][-]{section.8}{\376\377\000D\000e\000l\000i\000v\000e\000r\000a\000b\000l\000e\000s}{}% 21
\BOOKMARK [1][-]{section.9}{\376\377\000K\000e\000y\000\040\000C\000o\000n\000c\000e\000p\000t\000s\000\040\000I\000n\000t\000r\000o\000d\000u\000c\000e\000d}{}% 22
\BOOKMARK [1][-]{section.10}{\376\377\000R\000e\000f\000e\000r\000e\000n\000c\000e}{}% 23
