\BOOKMARK [1][-]{section.1}{\376\377\000O\000b\000j\000e\000c\000t\000i\000v\000e\000s}{}% 1
\BOOKMARK [1][-]{section.2}{\376\377\000P\000r\000e\000r\000e\000q\000u\000i\000s\000i\000t\000e\000s}{}% 2
\BOOKMARK [1][-]{section.3}{\376\377\000B\000a\000c\000k\000g\000r\000o\000u\000n\000d\000:\000\040\000Z\000e\000p\000h\000y\000r\000\040\000v\000s\000.\000\040\000F\000r\000e\000e\000R\000T\000O\000S}{}% 3
\BOOKMARK [1][-]{section.4}{\376\377\000P\000r\000o\000j\000e\000c\000t\000\040\000S\000t\000r\000u\000c\000t\000u\000r\000e}{}% 4
\BOOKMARK [1][-]{section.5}{\376\377\000P\000a\000r\000t\000\040\000A\000\040\040\024\000\040\000W\000o\000r\000k\000s\000p\000a\000c\000e\000\040\000S\000e\000t\000u\000p}{}% 5
\BOOKMARK [2][-]{subsection.5.1}{\376\377\000S\000t\000e\000p\000\040\0001\000\040\040\024\000\040\000I\000n\000s\000t\000a\000l\000l\000\040\000w\000e\000s\000t}{section.5}% 6
\BOOKMARK [2][-]{subsection.5.2}{\376\377\000S\000t\000e\000p\000\040\0002\000\040\040\024\000\040\000I\000n\000i\000t\000i\000a\000l\000i\000s\000e\000\040\000t\000h\000e\000\040\000Z\000e\000p\000h\000y\000r\000\040\000W\000o\000r\000k\000s\000p\000a\000c\000e}{section.5}% 7
\BOOKMARK [2][-]{subsection.5.3}{\376\377\000S\000t\000e\000p\000\040\0003\000\040\040\024\000\040\000V\000e\000r\000i\000f\000y\000\040\000w\000i\000t\000h\000\040\000h\000e\000l\000l\000o\000\137\000w\000o\000r\000l\000d}{section.5}% 8
\BOOKMARK [1][-]{section.6}{\376\377\000P\000a\000r\000t\000\040\000B\000\040\040\024\000\040\000P\000o\000r\000t\000\040\000t\000h\000e\000\040\000P\000r\000o\000d\000u\000c\000e\000r\000-\000C\000o\000n\000s\000u\000m\000e\000r\000\040\000P\000i\000p\000e\000l\000i\000n\000e}{}% 9
\BOOKMARK [2][-]{subsection.6.1}{\376\377\000S\000t\000e\000p\000\040\0001\000\040\040\024\000\040\000F\000r\000e\000e\000R\000T\000O\000S\000\040\000\040\000Z\000e\000p\000h\000y\000r\000\040\000A\000P\000I\000\040\000M\000a\000p\000p\000i\000n\000g}{section.6}% 10
\BOOKMARK [2][-]{subsection.6.2}{\376\377\000S\000t\000e\000p\000\040\0002\000\040\040\024\000\040\000p\000r\000j\000.\000c\000o\000n\000f}{section.6}% 11
\BOOKMARK [2][-]{subsection.6.3}{\376\377\000S\000t\000e\000p\000\040\0003\000\040\040\024\000\040\000C\000M\000a\000k\000e\000L\000i\000s\000t\000s\000.\000t\000x\000t}{section.6}% 12
\BOOKMARK [2][-]{subsection.6.4}{\376\377\000S\000t\000e\000p\000\040\0004\000\040\040\024\000\040\000S\000e\000n\000s\000o\000r\000\040\000P\000r\000o\000d\000u\000c\000e\000r\000\040\000T\000h\000r\000e\000a\000d}{section.6}% 13
\BOOKMARK [2][-]{subsection.6.5}{\376\377\000S\000t\000e\000p\000\040\0005\000\040\040\024\000\040\000L\000o\000g\000g\000e\000r\000\040\000C\000o\000n\000s\000u\000m\000e\000r\000\040\000T\000h\000r\000e\000a\000d}{section.6}% 14
\BOOKMARK [2][-]{subsection.6.6}{\376\377\000S\000t\000e\000p\000\040\0006\000\040\040\024\000\040\000B\000u\000i\000l\000d\000\040\000a\000n\000d\000\040\000F\000l\000a\000s\000h}{section.6}% 15
\BOOKMARK [1][-]{section.7}{\376\377\000P\000a\000r\000t\000\040\000C\000\040\040\024\000\040\000D\000e\000v\000i\000c\000e\000\040\000T\000r\000e\000e\000\040\000S\000e\000n\000s\000o\000r\000\040\000\050\000B\000M\000E\0002\0008\0000\000\051}{}% 16
\BOOKMARK [2][-]{subsection.7.1}{\376\377\000S\000t\000e\000p\000\040\0001\000\040\040\024\000\040\000W\000r\000i\000t\000e\000\040\000t\000h\000e\000\040\000O\000v\000e\000r\000l\000a\000y}{section.7}% 17
\BOOKMARK [2][-]{subsection.7.2}{\376\377\000S\000t\000e\000p\000\040\0002\000\040\040\024\000\040\000U\000s\000e\000\040\000t\000h\000e\000\040\000S\000e\000n\000s\000o\000r\000\040\000A\000P\000I}{section.7}% 18
\BOOKMARK [1][-]{section.8}{\376\377\000P\000a\000r\000t\000\040\000D\000\040\040\024\000\040\000B\000i\000n\000a\000r\000y\000\040\000S\000i\000z\000e\000\040\000C\000o\000m\000p\000a\000r\000i\000s\000o\000n}{}% 19
\BOOKMARK [2][-]{subsection.8.1}{\376\377\000S\000t\000e\000p\000\040\0001\000\040\040\024\000\040\000M\000e\000a\000s\000u\000r\000e\000\040\000Z\000e\000p\000h\000y\000r\000\040\000B\000i\000n\000a\000r\000y\000\040\000S\000i\000z\000e}{section.8}% 20
\BOOKMARK [2][-]{subsection.8.2}{\376\377\000S\000t\000e\000p\000\040\0002\000\040\040\024\000\040\000M\000e\000a\000s\000u\000r\000e\000\040\000E\000q\000u\000i\000v\000a\000l\000e\000n\000t\000\040\000F\000r\000e\000e\000R\000T\000O\000S\000\040\000B\000i\000n\000a\000r\000y\000\040\000S\000i\000z\000e}{section.8}% 21
\BOOKMARK [2][-]{subsection.8.3}{\376\377\000S\000t\000e\000p\000\040\0003\000\040\040\024\000\040\000C\000o\000m\000p\000l\000e\000t\000e\000\040\000t\000h\000e\000\040\000C\000o\000m\000p\000a\000r\000i\000s\000o\000n\000\040\000T\000a\000b\000l\000e}{section.8}% 22
\BOOKMARK [1][-]{section.9}{\376\377\000P\000a\000r\000t\000\040\000E\000\040\040\024\000\040\000K\000c\000o\000n\000f\000i\000g\000\040\000E\000x\000p\000l\000o\000r\000a\000t\000i\000o\000n\000\040\000\050\000O\000p\000t\000i\000o\000n\000a\000l\000\040\000C\000h\000a\000l\000l\000e\000n\000g\000e\000\051}{}% 23
\BOOKMARK [1][-]{section.10}{\376\377\000D\000e\000l\000i\000v\000e\000r\000a\000b\000l\000e\000s}{}% 24
\BOOKMARK [1][-]{section.11}{\376\377\000K\000e\000y\000\040\000C\000o\000n\000c\000e\000p\000t\000s\000\040\000D\000e\000m\000o\000n\000s\000t\000r\000a\000t\000e\000d}{}% 25
\BOOKMARK [1][-]{section.12}{\376\377\000R\000e\000f\000e\000r\000e\000n\000c\000e}{}% 26
