\BOOKMARK [1][-]{section.1}{\376\377\000O\000b\000j\000e\000c\000t\000i\000v\000e\000s}{}% 1
\BOOKMARK [1][-]{section.2}{\376\377\000P\000r\000e\000r\000e\000q\000u\000i\000s\000i\000t\000e\000s}{}% 2
\BOOKMARK [1][-]{section.3}{\376\377\000B\000a\000c\000k\000g\000r\000o\000u\000n\000d}{}% 3
\BOOKMARK [1][-]{section.4}{\376\377\000P\000r\000o\000j\000e\000c\000t\000\040\000S\000t\000r\000u\000c\000t\000u\000r\000e}{}% 4
\BOOKMARK [2][-]{subsection.4.1}{\376\377\000T\000a\000s\000k\000\040\000P\000a\000r\000a\000m\000e\000t\000e\000r\000s}{section.4}% 5
\BOOKMARK [1][-]{section.5}{\376\377\000P\000a\000r\000t\000\040\000A\000\040\040\024\000\040\000R\000e\000p\000r\000o\000d\000u\000c\000e\000\040\000t\000h\000e\000\040\000I\000n\000v\000e\000r\000s\000i\000o\000n\000\040\000\050\000B\000i\000n\000a\000r\000y\000\040\000S\000e\000m\000a\000p\000h\000o\000r\000e\000\051}{}% 6
\BOOKMARK [2][-]{subsection.5.1}{\376\377\000S\000t\000e\000p\000\040\0001\000\040\040\024\000\040\000I\000m\000p\000l\000e\000m\000e\000n\000t\000\040\000t\000h\000e\000\040\000T\000h\000r\000e\000e\000\040\000T\000a\000s\000k\000s}{section.5}% 7
\BOOKMARK [2][-]{subsection.5.2}{\376\377\000S\000t\000e\000p\000\040\0002\000\040\040\024\000\040\000B\000u\000i\000l\000d\000\040\000a\000n\000d\000\040\000F\000l\000a\000s\000h}{section.5}% 8
\BOOKMARK [2][-]{subsection.5.3}{\376\377\000S\000t\000e\000p\000\040\0003\000\040\040\024\000\040\000C\000a\000p\000t\000u\000r\000e\000\040\000U\000A\000R\000T\000\040\000O\000u\000t\000p\000u\000t}{section.5}% 9
\BOOKMARK [2][-]{subsection.5.4}{\376\377\000S\000t\000e\000p\000\040\0004\000\040\040\024\000\040\000C\000a\000p\000t\000u\000r\000e\000\040\000S\000y\000s\000t\000e\000m\000V\000i\000e\000w\000\040\000T\000r\000a\000c\000e}{section.5}% 10
\BOOKMARK [1][-]{section.6}{\376\377\000P\000a\000r\000t\000\040\000B\000\040\040\024\000\040\000T\000h\000e\000o\000r\000e\000t\000i\000c\000a\000l\000\040\000A\000n\000a\000l\000y\000s\000i\000s}{}% 11
\BOOKMARK [1][-]{section.7}{\376\377\000P\000a\000r\000t\000\040\000C\000\040\040\024\000\040\000F\000i\000x\000\040\000w\000i\000t\000h\000\040\000a\000\040\000M\000u\000t\000e\000x}{}% 12
\BOOKMARK [2][-]{subsection.7.1}{\376\377\000S\000t\000e\000p\000\040\0001\000\040\040\024\000\040\000R\000e\000p\000l\000a\000c\000e\000\040\000B\000i\000n\000a\000r\000y\000\040\000S\000e\000m\000a\000p\000h\000o\000r\000e\000\040\000w\000i\000t\000h\000\040\000M\000u\000t\000e\000x}{section.7}% 13
\BOOKMARK [2][-]{subsection.7.2}{\376\377\000S\000t\000e\000p\000\040\0002\000\040\040\024\000\040\000R\000e\000b\000u\000i\000l\000d\000\040\000a\000n\000d\000\040\000F\000l\000a\000s\000h}{section.7}% 14
\BOOKMARK [2][-]{subsection.7.3}{\376\377\000S\000t\000e\000p\000\040\0003\000\040\040\024\000\040\000O\000b\000s\000e\000r\000v\000e\000\040\000t\000h\000e\000\040\000F\000i\000x}{section.7}% 15
\BOOKMARK [2][-]{subsection.7.4}{\376\377\000S\000t\000e\000p\000\040\0004\000\040\040\024\000\040\000C\000a\000p\000t\000u\000r\000e\000\040\000t\000h\000e\000\040\000F\000i\000x\000e\000d\000\040\000S\000y\000s\000t\000e\000m\000V\000i\000e\000w\000\040\000T\000r\000a\000c\000e}{section.7}% 16
\BOOKMARK [1][-]{section.8}{\376\377\000P\000a\000r\000t\000\040\000D\000\040\040\024\000\040\000E\000x\000p\000e\000r\000i\000m\000e\000n\000t\000s}{}% 17
\BOOKMARK [2][-]{subsection.8.1}{\376\377\000E\000x\000p\000e\000r\000i\000m\000e\000n\000t\000\040\0001\000\040\040\024\000\040\000D\000e\000e\000p\000\040\000N\000e\000s\000t\000i\000n\000g}{section.8}% 18
\BOOKMARK [2][-]{subsection.8.2}{\376\377\000E\000x\000p\000e\000r\000i\000m\000e\000n\000t\000\040\0002\000\040\040\024\000\040\000I\000S\000R\000\040\000G\000i\000v\000e}{section.8}% 19
\BOOKMARK [1][-]{section.9}{\376\377\000D\000e\000l\000i\000v\000e\000r\000a\000b\000l\000e\000s}{}% 20
\BOOKMARK [1][-]{section.10}{\376\377\000K\000e\000y\000\040\000C\000o\000n\000c\000e\000p\000t\000s\000\040\000D\000e\000m\000o\000n\000s\000t\000r\000a\000t\000e\000d}{}% 21
\BOOKMARK [1][-]{section.11}{\376\377\000R\000e\000f\000e\000r\000e\000n\000c\000e}{}% 22
