\BOOKMARK [1][-]{section.1}{\376\377\000O\000b\000j\000e\000c\000t\000i\000v\000e\000s}{}% 1
\BOOKMARK [1][-]{section.2}{\376\377\000P\000r\000e\000r\000e\000q\000u\000i\000s\000i\000t\000e\000s}{}% 2
\BOOKMARK [1][-]{section.3}{\376\377\000B\000a\000c\000k\000g\000r\000o\000u\000n\000d}{}% 3
\BOOKMARK [2][-]{subsection.3.1}{\376\377\000M\000C\000X\000N\0002\0003\0006\000\040\000A\000M\000P\000\040\000C\000o\000n\000f\000i\000g\000u\000r\000a\000t\000i\000o\000n}{section.3}% 4
\BOOKMARK [2][-]{subsection.3.2}{\376\377\000M\000e\000m\000o\000r\000y\000\040\000B\000a\000r\000r\000i\000e\000r\000s}{section.3}% 5
\BOOKMARK [1][-]{section.4}{\376\377\000P\000r\000o\000j\000e\000c\000t\000\040\000S\000t\000r\000u\000c\000t\000u\000r\000e}{}% 6
\BOOKMARK [1][-]{section.5}{\376\377\000P\000a\000r\000t\000\040\000A\000\040\040\024\000\040\000B\000o\000o\000t\000\040\000B\000o\000t\000h\000\040\000C\000o\000r\000e\000s}{}% 7
\BOOKMARK [2][-]{subsection.5.1}{\376\377\000S\000t\000e\000p\000\040\0001\000\040\040\024\000\040\000R\000e\000l\000e\000a\000s\000e\000\040\000C\000M\0003\0003\000\137\0001\000\040\000f\000r\000o\000m\000\040\000C\000M\0003\0003\000\137\0000}{section.5}% 8
\BOOKMARK [2][-]{subsection.5.2}{\376\377\000S\000t\000e\000p\000\040\0002\000\040\040\024\000\040\000C\000M\0003\0003\000\137\0001\000\040\000S\000t\000a\000r\000t\000u\000p}{section.5}% 9
\BOOKMARK [1][-]{section.6}{\376\377\000P\000a\000r\000t\000\040\000B\000\040\040\024\000\040\000M\000U\000\040\000D\000i\000r\000e\000c\000t\000\040\000M\000e\000s\000s\000a\000g\000i\000n\000g}{}% 10
\BOOKMARK [2][-]{subsection.6.1}{\376\377\000S\000t\000e\000p\000\040\0001\000\040\040\024\000\040\000S\000e\000n\000d\000\040\0003\0002\000-\000B\000i\000t\000\040\000M\000e\000s\000s\000a\000g\000e\000s}{section.6}% 11
\BOOKMARK [2][-]{subsection.6.2}{\376\377\000S\000t\000e\000p\000\040\0002\000\040\040\024\000\040\000M\000e\000a\000s\000u\000r\000e\000\040\000M\000U\000\040\000L\000a\000t\000e\000n\000c\000y\000\040\000w\000i\000t\000h\000\040\000D\000W\000T}{section.6}% 12
\BOOKMARK [1][-]{section.7}{\376\377\000P\000a\000r\000t\000\040\000C\000\040\040\024\000\040\000S\000h\000a\000r\000e\000d\000\040\000S\000R\000A\000M\000\040\000R\000i\000n\000g\000\040\000B\000u\000f\000f\000e\000r}{}% 13
\BOOKMARK [2][-]{subsection.7.1}{\376\377\000S\000t\000e\000p\000\040\0001\000\040\040\024\000\040\000P\000l\000a\000c\000e\000\040\000R\000i\000n\000g\000\040\000B\000u\000f\000f\000e\000r\000\040\000i\000n\000\040\000S\000R\000A\000M\0004}{section.7}% 14
\BOOKMARK [2][-]{subsection.7.2}{\376\377\000S\000t\000e\000p\000\040\0002\000\040\040\024\000\040\000P\000r\000o\000d\000u\000c\000e\000r\000\040\000o\000n\000\040\000C\000M\0003\0003\000\137\0000\000\040\000\050\0001\000k\000H\000z\000\040\000A\000D\000C\000\040\000T\000a\000s\000k\000\051}{section.7}% 15
\BOOKMARK [2][-]{subsection.7.3}{\376\377\000S\000t\000e\000p\000\040\0003\000\040\040\024\000\040\000C\000o\000n\000s\000u\000m\000e\000r\000\040\000o\000n\000\040\000C\000M\0003\0003\000\137\0001\000\040\000\050\000F\000I\000R\000\040\000F\000i\000l\000t\000e\000r\000\040\000T\000a\000s\000k\000\051}{section.7}% 16
\BOOKMARK [1][-]{section.8}{\376\377\000P\000a\000r\000t\000\040\000D\000\040\040\024\000\040\000C\000o\000m\000p\000a\000r\000i\000s\000o\000n\000:\000\040\000M\000U\000\040\000D\000i\000r\000e\000c\000t\000\040\000v\000s\000.\000\040\000R\000i\000n\000g\000\040\000B\000u\000f\000f\000e\000r}{}% 17
\BOOKMARK [1][-]{section.9}{\376\377\000D\000e\000l\000i\000v\000e\000r\000a\000b\000l\000e\000s}{}% 18
\BOOKMARK [1][-]{section.10}{\376\377\000K\000e\000y\000\040\000C\000o\000n\000c\000e\000p\000t\000s\000\040\000D\000e\000m\000o\000n\000s\000t\000r\000a\000t\000e\000d}{}% 19
\BOOKMARK [1][-]{section.11}{\376\377\000R\000e\000f\000e\000r\000e\000n\000c\000e}{}% 20
