\BOOKMARK [1][-]{section.1}{\376\377\000O\000b\000j\000e\000c\000t\000i\000v\000e\000s}{}% 1
\BOOKMARK [1][-]{section.2}{\376\377\000P\000r\000e\000r\000e\000q\000u\000i\000s\000i\000t\000e\000s}{}% 2
\BOOKMARK [1][-]{section.3}{\376\377\000B\000a\000c\000k\000g\000r\000o\000u\000n\000d}{}% 3
\BOOKMARK [2][-]{subsection.3.1}{\376\377\000T\000h\000e\000\040\000T\000i\000c\000k\000\040\000I\000n\000t\000e\000r\000r\000u\000p\000t\000\040\000P\000r\000o\000b\000l\000e\000m}{section.3}% 4
\BOOKMARK [2][-]{subsection.3.2}{\376\377\000T\000i\000c\000k\000l\000e\000s\000s\000\040\000I\000d\000l\000e\000\040\000F\000l\000o\000w}{section.3}% 5
\BOOKMARK [1][-]{section.4}{\376\377\000P\000r\000o\000j\000e\000c\000t\000\040\000S\000t\000r\000u\000c\000t\000u\000r\000e}{}% 6
\BOOKMARK [1][-]{section.5}{\376\377\000P\000a\000r\000t\000\040\000A\000\040\040\024\000\040\000B\000a\000s\000e\000l\000i\000n\000e\000\040\000C\000u\000r\000r\000e\000n\000t\000\040\000M\000e\000a\000s\000u\000r\000e\000m\000e\000n\000t\000\040\000\050\000N\000o\000\040\000T\000i\000c\000k\000l\000e\000s\000s\000\051}{}% 7
\BOOKMARK [2][-]{subsection.5.1}{\376\377\000S\000t\000e\000p\000\040\0001\000\040\040\024\000\040\000C\000o\000n\000f\000i\000g\000u\000r\000e\000\040\000w\000i\000t\000h\000\040\000T\000i\000c\000k\000l\000e\000s\000s\000\040\000D\000i\000s\000a\000b\000l\000e\000d}{section.5}% 8
\BOOKMARK [2][-]{subsection.5.2}{\376\377\000S\000t\000e\000p\000\040\0002\000\040\040\024\000\040\000I\000m\000p\000l\000e\000m\000e\000n\000t\000\040\000t\000h\000e\000\040\000A\000D\000C\000\040\000T\000a\000s\000k}{section.5}% 9
\BOOKMARK [2][-]{subsection.5.3}{\376\377\000S\000t\000e\000p\000\040\0003\000\040\040\024\000\040\000M\000e\000a\000s\000u\000r\000e\000\040\000C\000u\000r\000r\000e\000n\000t}{section.5}% 10
\BOOKMARK [1][-]{section.6}{\376\377\000P\000a\000r\000t\000\040\000B\000\040\040\024\000\040\000B\000u\000i\000l\000t\000-\000I\000n\000\040\000T\000i\000c\000k\000l\000e\000s\000s\000\040\000I\000d\000l\000e}{}% 11
\BOOKMARK [2][-]{subsection.6.1}{\376\377\000S\000t\000e\000p\000\040\0001\000\040\040\024\000\040\000E\000n\000a\000b\000l\000e\000\040\000B\000u\000i\000l\000t\000-\000I\000n\000\040\000T\000i\000c\000k\000l\000e\000s\000s}{section.6}% 12
\BOOKMARK [2][-]{subsection.6.2}{\376\377\000S\000t\000e\000p\000\040\0002\000\040\040\024\000\040\000M\000e\000a\000s\000u\000r\000e\000\040\000C\000u\000r\000r\000e\000n\000t\000\040\000A\000g\000a\000i\000n}{section.6}% 13
\BOOKMARK [1][-]{section.7}{\376\377\000P\000a\000r\000t\000\040\000C\000\040\040\024\000\040\000C\000u\000s\000t\000o\000m\000\040\000L\000P\000T\000M\000R\000\040\000T\000i\000c\000k\000l\000e\000s\000s\000\040\000I\000m\000p\000l\000e\000m\000e\000n\000t\000a\000t\000i\000o\000n}{}% 14
\BOOKMARK [2][-]{subsection.7.1}{\376\377\000S\000t\000e\000p\000\040\0001\000\040\040\024\000\040\000S\000w\000i\000t\000c\000h\000\040\000t\000o\000\040\000C\000u\000s\000t\000o\000m\000\040\000T\000i\000c\000k\000l\000e\000s\000s}{section.7}% 15
\BOOKMARK [2][-]{subsection.7.2}{\376\377\000S\000t\000e\000p\000\040\0002\000\040\040\024\000\040\000I\000m\000p\000l\000e\000m\000e\000n\000t\000\040\000v\000P\000o\000r\000t\000S\000u\000p\000p\000r\000e\000s\000s\000T\000i\000c\000k\000s\000A\000n\000d\000S\000l\000e\000e\000p}{section.7}% 16
\BOOKMARK [2][-]{subsection.7.3}{\376\377\000S\000t\000e\000p\000\040\0003\000\040\040\024\000\040\000V\000e\000r\000i\000f\000y\000\040\000T\000i\000m\000i\000n\000g\000\040\000A\000c\000c\000u\000r\000a\000c\000y\000\040\000w\000i\000t\000h\000\040\000L\000E\000D\000\040\000T\000o\000g\000g\000l\000e}{section.7}% 17
\BOOKMARK [1][-]{section.8}{\376\377\000P\000a\000r\000t\000\040\000D\000\040\040\024\000\040\000E\000n\000e\000r\000g\000y\000\040\000A\000n\000a\000l\000y\000s\000i\000s}{}% 18
\BOOKMARK [2][-]{subsection.8.1}{\376\377\000S\000t\000e\000p\000\040\0001\000\040\040\024\000\040\000M\000e\000a\000s\000u\000r\000e\000\040\000C\000u\000r\000r\000e\000n\000t\000\040\000w\000i\000t\000h\000\040\000C\000u\000s\000t\000o\000m\000\040\000L\000P\000T\000M\000R\000\040\000I\000m\000p\000l\000e\000m\000e\000n\000t\000a\000t\000i\000o\000n}{section.8}% 19
\BOOKMARK [2][-]{subsection.8.2}{\376\377\000S\000t\000e\000p\000\040\0002\000\040\040\024\000\040\000C\000o\000m\000p\000l\000e\000t\000e\000\040\000t\000h\000e\000\040\000C\000o\000m\000p\000a\000r\000i\000s\000o\000n\000\040\000T\000a\000b\000l\000e}{section.8}% 20
\BOOKMARK [1][-]{section.9}{\376\377\000D\000e\000l\000i\000v\000e\000r\000a\000b\000l\000e\000s}{}% 21
\BOOKMARK [1][-]{section.10}{\376\377\000K\000e\000y\000\040\000C\000o\000n\000c\000e\000p\000t\000s\000\040\000D\000e\000m\000o\000n\000s\000t\000r\000a\000t\000e\000d}{}% 22
\BOOKMARK [1][-]{section.11}{\376\377\000R\000e\000f\000e\000r\000e\000n\000c\000e}{}% 23
